<?xml version="1.0" encoding="UTF-8"?>
<testng-results ignored="0" total="1" passed="1" failed="0" skipped="0">
  <reporter-output>
  </reporter-output>
  <suite started-at="2023-09-23T14:15:59 IST" name="Default suite" finished-at="2023-09-23T14:16:08 IST" duration-ms="9307">
    <groups>
    </groups>
    <test started-at="2023-09-23T14:15:59 IST" name="Default test" finished-at="2023-09-23T14:16:08 IST" duration-ms="9307">
      <class name="Login.DWS_01_Login_Test">
        <test-method is-config="true" signature="launchingBrowser()[pri:0, instance:Login.DWS_01_Login_Test@3d6f0054]" started-at="2023-09-23T14:15:59 IST" name="launchingBrowser" finished-at="2023-09-23T14:16:02 IST" duration-ms="3394" status="PASS">
          <reporter-output>
          </reporter-output>
        </test-method> <!-- launchingBrowser -->
        <test-method is-config="true" signature="navigatingToApplication()[pri:0, instance:Login.DWS_01_Login_Test@3d6f0054]" started-at="2023-09-23T14:16:02 IST" name="navigatingToApplication" finished-at="2023-09-23T14:16:05 IST" duration-ms="3343" status="PASS">
          <reporter-output>
          </reporter-output>
        </test-method> <!-- navigatingToApplication -->
        <test-method signature="Login_with_valid_Credentials()[pri:0, instance:Login.DWS_01_Login_Test@3d6f0054]" started-at="2023-09-23T14:16:06 IST" name="Login_with_valid_Credentials" finished-at="2023-09-23T14:16:08 IST" duration-ms="2130" status="PASS">
          <reporter-output>
          </reporter-output>
        </test-method> <!-- Login_with_valid_Credentials -->
        <test-method is-config="true" signature="teardownbrowser()[pri:0, instance:Login.DWS_01_Login_Test@3d6f0054]" started-at="2023-09-23T14:16:08 IST" name="teardownbrowser" finished-at="2023-09-23T14:16:08 IST" duration-ms="384" status="PASS">
          <reporter-output>
          </reporter-output>
        </test-method> <!-- teardownbrowser -->
      </class> <!-- Login.DWS_01_Login_Test -->
    </test> <!-- Default test -->
  </suite> <!-- Default suite -->
</testng-results>
